Traceback (most recent call last):
  File "/usr/local/lib/python3.8/dist-packages/jupyter_cache/executors/utils.py", line 51, in single_nb_execution
    executenb(
  File "/usr/local/lib/python3.8/dist-packages/nbclient/client.py", line 1204, in execute
    return NotebookClient(nb=nb, resources=resources, km=km, **kwargs).execute()
  File "/usr/local/lib/python3.8/dist-packages/nbclient/util.py", line 84, in wrapped
    return just_run(coro(*args, **kwargs))
  File "/usr/local/lib/python3.8/dist-packages/nbclient/util.py", line 62, in just_run
    return loop.run_until_complete(coro)
  File "/usr/lib/python3.8/asyncio/base_events.py", line 616, in run_until_complete
    return future.result()
  File "/usr/local/lib/python3.8/dist-packages/nbclient/client.py", line 663, in async_execute
    await self.async_execute_cell(
  File "/usr/local/lib/python3.8/dist-packages/nbclient/client.py", line 965, in async_execute_cell
    await self._check_raise_for_error(cell, cell_index, exec_reply)
  File "/usr/local/lib/python3.8/dist-packages/nbclient/client.py", line 862, in _check_raise_for_error
    raise CellExecutionError.from_cell_and_msg(cell, exec_reply_content)
nbclient.exceptions.CellExecutionError: An error occurred while executing the following cell:
------------------
articles = []
for row in table.findAll('a', attrs = {'class':'hover-effect'}):
	current_title = row["title"]

	r_row = request_header_url("Mozilla/5.0 (X11; Ubuntu; Linux x86_64; rv:15.0) Gecko/20100101 Firefox/15.0.1", row["href"])
	soup_row = parse_website(r_row)
	prettify_web_structure(soup_row)
	table_row = get_content_table(soup_row, "div", {"style":"line-height: 1.6;", "itemprop":"articleBody"})

	current_content = ""
	for inner_row in table_row.findAll('p'):
		current_content += f" {inner_row.string}"
	# dump variable 
	articles.append([current_title, current_content])
	print(f"sedang mengambil konten dengan judul '{current_title}...'")
	print()
------------------

[0;31m[0m
[0;31mTypeError[0mTraceback (most recent call last)
[0;32m/usr/local/lib/python3.8/dist-packages/urllib3/connectionpool.py[0m in [0;36m_make_request[0;34m(self, conn, method, url, timeout, chunked, **httplib_request_kw)[0m
[1;32m    376[0m             [0;32mtry[0m[0;34m:[0m  [0;31m# Python 2.7, use buffering of HTTP responses[0m[0;34m[0m[0;34m[0m[0m
[0;32m--> 377[0;31m                 [0mhttplib_response[0m [0;34m=[0m [0mconn[0m[0;34m.[0m[0mgetresponse[0m[0;34m([0m[0mbuffering[0m[0;34m=[0m[0;32mTrue[0m[0;34m)[0m[0;34m[0m[0;34m[0m[0m
[0m[1;32m    378[0m             [0;32mexcept[0m [0mTypeError[0m[0;34m:[0m  [0;31m# Python 3[0m[0;34m[0m[0;34m[0m[0m

[0;31mTypeError[0m: getresponse() got an unexpected keyword argument 'buffering'

During handling of the above exception, another exception occurred:

[0;31mKeyboardInterrupt[0mTraceback (most recent call last)
[0;32m<ipython-input-5-7284b85072f2>[0m in [0;36m<module>[0;34m[0m
[1;32m      3[0m         [0mcurrent_title[0m [0;34m=[0m [0mrow[0m[0;34m[[0m[0;34m"title"[0m[0;34m][0m[0;34m[0m[0;34m[0m[0m
[1;32m      4[0m [0;34m[0m[0m
[0;32m----> 5[0;31m         [0mr_row[0m [0;34m=[0m [0mrequest_header_url[0m[0;34m([0m[0;34m"Mozilla/5.0 (X11; Ubuntu; Linux x86_64; rv:15.0) Gecko/20100101 Firefox/15.0.1"[0m[0;34m,[0m [0mrow[0m[0;34m[[0m[0;34m"href"[0m[0;34m][0m[0;34m)[0m[0;34m[0m[0;34m[0m[0m
[0m[1;32m      6[0m         [0msoup_row[0m [0;34m=[0m [0mparse_website[0m[0;34m([0m[0mr_row[0m[0;34m)[0m[0;34m[0m[0;34m[0m[0m
[1;32m      7[0m         [0mprettify_web_structure[0m[0;34m([0m[0msoup_row[0m[0;34m)[0m[0;34m[0m[0;34m[0m[0m

[0;32m<ipython-input-3-e6e6f38faca4>[0m in [0;36mrequest_header_url[0;34m(header, url_website)[0m
[1;32m      4[0m [0;32mdef[0m [0mrequest_header_url[0m[0;34m([0m[0mheader[0m[0;34m,[0m [0murl_website[0m[0;34m)[0m[0;34m:[0m[0;34m[0m[0;34m[0m[0m
[1;32m      5[0m     [0mheaders[0m [0;34m=[0m [0;34m{[0m[0;34m'User-Agent'[0m[0;34m:[0m [0mheader[0m[0;34m}[0m[0;34m[0m[0;34m[0m[0m
[0;32m----> 6[0;31m     [0;32mreturn[0m [0mrequests[0m[0;34m.[0m[0mget[0m[0;34m([0m[0murl[0m[0;34m=[0m[0murl_website[0m[0;34m,[0m [0mheaders[0m[0;34m=[0m[0mheaders[0m[0;34m)[0m[0;34m[0m[0;34m[0m[0m
[0m[1;32m      7[0m [0;34m[0m[0m
[1;32m      8[0m [0;32mdef[0m [0mparse_website[0m[0;34m([0m[0mrequest[0m[0;34m)[0m[0;34m:[0m[0;34m[0m[0;34m[0m[0m

[0;32m/usr/local/lib/python3.8/dist-packages/requests/api.py[0m in [0;36mget[0;34m(url, params, **kwargs)[0m
[1;32m     74[0m [0;34m[0m[0m
[1;32m     75[0m     [0mkwargs[0m[0;34m.[0m[0msetdefault[0m[0;34m([0m[0;34m'allow_redirects'[0m[0;34m,[0m [0;32mTrue[0m[0;34m)[0m[0;34m[0m[0;34m[0m[0m
[0;32m---> 76[0;31m     [0;32mreturn[0m [0mrequest[0m[0;34m([0m[0;34m'get'[0m[0;34m,[0m [0murl[0m[0;34m,[0m [0mparams[0m[0;34m=[0m[0mparams[0m[0;34m,[0m [0;34m**[0m[0mkwargs[0m[0;34m)[0m[0;34m[0m[0;34m[0m[0m
[0m[1;32m     77[0m [0;34m[0m[0m
[1;32m     78[0m [0;34m[0m[0m

[0;32m/usr/local/lib/python3.8/dist-packages/requests/api.py[0m in [0;36mrequest[0;34m(method, url, **kwargs)[0m
[1;32m     59[0m     [0;31m# cases, and look like a memory leak in others.[0m[0;34m[0m[0;34m[0m[0;34m[0m[0m
[1;32m     60[0m     [0;32mwith[0m [0msessions[0m[0;34m.[0m[0mSession[0m[0;34m([0m[0;34m)[0m [0;32mas[0m [0msession[0m[0;34m:[0m[0;34m[0m[0;34m[0m[0m
[0;32m---> 61[0;31m         [0;32mreturn[0m [0msession[0m[0;34m.[0m[0mrequest[0m[0;34m([0m[0mmethod[0m[0;34m=[0m[0mmethod[0m[0;34m,[0m [0murl[0m[0;34m=[0m[0murl[0m[0;34m,[0m [0;34m**[0m[0mkwargs[0m[0;34m)[0m[0;34m[0m[0;34m[0m[0m
[0m[1;32m     62[0m [0;34m[0m[0m
[1;32m     63[0m [0;34m[0m[0m

[0;32m/usr/local/lib/python3.8/dist-packages/requests/sessions.py[0m in [0;36mrequest[0;34m(self, method, url, params, data, headers, cookies, files, auth, timeout, allow_redirects, proxies, hooks, stream, verify, cert, json)[0m
[1;32m    540[0m         }
[1;32m    541[0m         [0msend_kwargs[0m[0;34m.[0m[0mupdate[0m[0;34m([0m[0msettings[0m[0;34m)[0m[0;34m[0m[0;34m[0m[0m
[0;32m--> 542[0;31m         [0mresp[0m [0;34m=[0m [0mself[0m[0;34m.[0m[0msend[0m[0;34m([0m[0mprep[0m[0;34m,[0m [0;34m**[0m[0msend_kwargs[0m[0;34m)[0m[0;34m[0m[0;34m[0m[0m
[0m[1;32m    543[0m [0;34m[0m[0m
[1;32m    544[0m         [0;32mreturn[0m [0mresp[0m[0;34m[0m[0;34m[0m[0m

[0;32m/usr/local/lib/python3.8/dist-packages/requests/sessions.py[0m in [0;36msend[0;34m(self, request, **kwargs)[0m
[1;32m    653[0m [0;34m[0m[0m
[1;32m    654[0m         [0;31m# Send the request[0m[0;34m[0m[0;34m[0m[0;34m[0m[0m
[0;32m--> 655[0;31m         [0mr[0m [0;34m=[0m [0madapter[0m[0;34m.[0m[0msend[0m[0;34m([0m[0mrequest[0m[0;34m,[0m [0;34m**[0m[0mkwargs[0m[0;34m)[0m[0;34m[0m[0;34m[0m[0m
[0m[1;32m    656[0m [0;34m[0m[0m
[1;32m    657[0m         [0;31m# Total elapsed time of the request (approximately)[0m[0;34m[0m[0;34m[0m[0;34m[0m[0m

[0;32m/usr/local/lib/python3.8/dist-packages/requests/adapters.py[0m in [0;36msend[0;34m(self, request, stream, timeout, verify, cert, proxies)[0m
[1;32m    437[0m         [0;32mtry[0m[0;34m:[0m[0;34m[0m[0;34m[0m[0m
[1;32m    438[0m             [0;32mif[0m [0;32mnot[0m [0mchunked[0m[0;34m:[0m[0;34m[0m[0;34m[0m[0m
[0;32m--> 439[0;31m                 resp = conn.urlopen(
[0m[1;32m    440[0m                     [0mmethod[0m[0;34m=[0m[0mrequest[0m[0;34m.[0m[0mmethod[0m[0;34m,[0m[0;34m[0m[0;34m[0m[0m
[1;32m    441[0m                     [0murl[0m[0;34m=[0m[0murl[0m[0;34m,[0m[0;34m[0m[0;34m[0m[0m

[0;32m/usr/local/lib/python3.8/dist-packages/urllib3/connectionpool.py[0m in [0;36murlopen[0;34m(self, method, url, body, headers, retries, redirect, assert_same_host, timeout, pool_timeout, release_conn, chunked, body_pos, **response_kw)[0m
[1;32m    595[0m [0;34m[0m[0m
[1;32m    596[0m             [0;31m# Make the request on the httplib connection object.[0m[0;34m[0m[0;34m[0m[0;34m[0m[0m
[0;32m--> 597[0;31m             httplib_response = self._make_request(conn, method, url,
[0m[1;32m    598[0m                                                   [0mtimeout[0m[0;34m=[0m[0mtimeout_obj[0m[0;34m,[0m[0;34m[0m[0;34m[0m[0m
[1;32m    599[0m                                                   [0mbody[0m[0;34m=[0m[0mbody[0m[0;34m,[0m [0mheaders[0m[0;34m=[0m[0mheaders[0m[0;34m,[0m[0;34m[0m[0;34m[0m[0m

[0;32m/usr/local/lib/python3.8/dist-packages/urllib3/connectionpool.py[0m in [0;36m_make_request[0;34m(self, conn, method, url, timeout, chunked, **httplib_request_kw)[0m
[1;32m    378[0m             [0;32mexcept[0m [0mTypeError[0m[0;34m:[0m  [0;31m# Python 3[0m[0;34m[0m[0;34m[0m[0m
[1;32m    379[0m                 [0;32mtry[0m[0;34m:[0m[0;34m[0m[0;34m[0m[0m
[0;32m--> 380[0;31m                     [0mhttplib_response[0m [0;34m=[0m [0mconn[0m[0;34m.[0m[0mgetresponse[0m[0;34m([0m[0;34m)[0m[0;34m[0m[0;34m[0m[0m
[0m[1;32m    381[0m                 [0;32mexcept[0m [0mException[0m [0;32mas[0m [0me[0m[0;34m:[0m[0;34m[0m[0;34m[0m[0m
[1;32m    382[0m                     [0;31m# Remove the TypeError from the exception chain in Python 3;[0m[0;34m[0m[0;34m[0m[0;34m[0m[0m

[0;32m/usr/lib/python3.8/http/client.py[0m in [0;36mgetresponse[0;34m(self)[0m
[1;32m   1346[0m         [0;32mtry[0m[0;34m:[0m[0;34m[0m[0;34m[0m[0m
[1;32m   1347[0m             [0;32mtry[0m[0;34m:[0m[0;34m[0m[0;34m[0m[0m
[0;32m-> 1348[0;31m                 [0mresponse[0m[0;34m.[0m[0mbegin[0m[0;34m([0m[0;34m)[0m[0;34m[0m[0;34m[0m[0m
[0m[1;32m   1349[0m             [0;32mexcept[0m [0mConnectionError[0m[0;34m:[0m[0;34m[0m[0;34m[0m[0m
[1;32m   1350[0m                 [0mself[0m[0;34m.[0m[0mclose[0m[0;34m([0m[0;34m)[0m[0;34m[0m[0;34m[0m[0m

[0;32m/usr/lib/python3.8/http/client.py[0m in [0;36mbegin[0;34m(self)[0m
[1;32m    314[0m         [0;31m# read until we get a non-100 response[0m[0;34m[0m[0;34m[0m[0;34m[0m[0m
[1;32m    315[0m         [0;32mwhile[0m [0;32mTrue[0m[0;34m:[0m[0;34m[0m[0;34m[0m[0m
[0;32m--> 316[0;31m             [0mversion[0m[0;34m,[0m [0mstatus[0m[0;34m,[0m [0mreason[0m [0;34m=[0m [0mself[0m[0;34m.[0m[0m_read_status[0m[0;34m([0m[0;34m)[0m[0;34m[0m[0;34m[0m[0m
[0m[1;32m    317[0m             [0;32mif[0m [0mstatus[0m [0;34m!=[0m [0mCONTINUE[0m[0;34m:[0m[0;34m[0m[0;34m[0m[0m
[1;32m    318[0m                 [0;32mbreak[0m[0;34m[0m[0;34m[0m[0m

[0;32m/usr/lib/python3.8/http/client.py[0m in [0;36m_read_status[0;34m(self)[0m
[1;32m    275[0m [0;34m[0m[0m
[1;32m    276[0m     [0;32mdef[0m [0m_read_status[0m[0;34m([0m[0mself[0m[0;34m)[0m[0;34m:[0m[0;34m[0m[0;34m[0m[0m
[0;32m--> 277[0;31m         [0mline[0m [0;34m=[0m [0mstr[0m[0;34m([0m[0mself[0m[0;34m.[0m[0mfp[0m[0;34m.[0m[0mreadline[0m[0;34m([0m[0m_MAXLINE[0m [0;34m+[0m [0;36m1[0m[0;34m)[0m[0;34m,[0m [0;34m"iso-8859-1"[0m[0;34m)[0m[0;34m[0m[0;34m[0m[0m
[0m[1;32m    278[0m         [0;32mif[0m [0mlen[0m[0;34m([0m[0mline[0m[0;34m)[0m [0;34m>[0m [0m_MAXLINE[0m[0;34m:[0m[0;34m[0m[0;34m[0m[0m
[1;32m    279[0m             [0;32mraise[0m [0mLineTooLong[0m[0;34m([0m[0;34m"status line"[0m[0;34m)[0m[0;34m[0m[0;34m[0m[0m

[0;32m/usr/lib/python3.8/socket.py[0m in [0;36mreadinto[0;34m(self, b)[0m
[1;32m    667[0m         [0;32mwhile[0m [0;32mTrue[0m[0;34m:[0m[0;34m[0m[0;34m[0m[0m
[1;32m    668[0m             [0;32mtry[0m[0;34m:[0m[0;34m[0m[0;34m[0m[0m
[0;32m--> 669[0;31m                 [0;32mreturn[0m [0mself[0m[0;34m.[0m[0m_sock[0m[0;34m.[0m[0mrecv_into[0m[0;34m([0m[0mb[0m[0;34m)[0m[0;34m[0m[0;34m[0m[0m
[0m[1;32m    670[0m             [0;32mexcept[0m [0mtimeout[0m[0;34m:[0m[0;34m[0m[0;34m[0m[0m
[1;32m    671[0m                 [0mself[0m[0;34m.[0m[0m_timeout_occurred[0m [0;34m=[0m [0;32mTrue[0m[0;34m[0m[0;34m[0m[0m

[0;32m/usr/lib/python3.8/ssl.py[0m in [0;36mrecv_into[0;34m(self, buffer, nbytes, flags)[0m
[1;32m   1239[0m                   [0;34m"non-zero flags not allowed in calls to recv_into() on %s"[0m [0;34m%[0m[0;34m[0m[0;34m[0m[0m
[1;32m   1240[0m                   self.__class__)
[0;32m-> 1241[0;31m             [0;32mreturn[0m [0mself[0m[0;34m.[0m[0mread[0m[0;34m([0m[0mnbytes[0m[0;34m,[0m [0mbuffer[0m[0;34m)[0m[0;34m[0m[0;34m[0m[0m
[0m[1;32m   1242[0m         [0;32melse[0m[0;34m:[0m[0;34m[0m[0;34m[0m[0m
[1;32m   1243[0m             [0;32mreturn[0m [0msuper[0m[0;34m([0m[0;34m)[0m[0;34m.[0m[0mrecv_into[0m[0;34m([0m[0mbuffer[0m[0;34m,[0m [0mnbytes[0m[0;34m,[0m [0mflags[0m[0;34m)[0m[0;34m[0m[0;34m[0m[0m

[0;32m/usr/lib/python3.8/ssl.py[0m in [0;36mread[0;34m(self, len, buffer)[0m
[1;32m   1097[0m         [0;32mtry[0m[0;34m:[0m[0;34m[0m[0;34m[0m[0m
[1;32m   1098[0m             [0;32mif[0m [0mbuffer[0m [0;32mis[0m [0;32mnot[0m [0;32mNone[0m[0;34m:[0m[0;34m[0m[0;34m[0m[0m
[0;32m-> 1099[0;31m                 [0;32mreturn[0m [0mself[0m[0;34m.[0m[0m_sslobj[0m[0;34m.[0m[0mread[0m[0;34m([0m[0mlen[0m[0;34m,[0m [0mbuffer[0m[0;34m)[0m[0;34m[0m[0;34m[0m[0m
[0m[1;32m   1100[0m             [0;32melse[0m[0;34m:[0m[0;34m[0m[0;34m[0m[0m
[1;32m   1101[0m                 [0;32mreturn[0m [0mself[0m[0;34m.[0m[0m_sslobj[0m[0;34m.[0m[0mread[0m[0;34m([0m[0mlen[0m[0;34m)[0m[0;34m[0m[0;34m[0m[0m

[0;31mKeyboardInterrupt[0m: 
KeyboardInterrupt: 

